<?xml version="1.0" encoding="UTF-8"?>
<!-- Generated by org.testng.reporters.JUnitReportReporter -->
<testsuite hostname="DESKTOP-UMEFVFH" failures="0" tests="1" name="testCases.TC_001_AccountRegistrationTest" time="39.470" errors="0" timestamp="2024-05-02T17:35:14 IST" skipped="0">
  <testcase classname="testCases.TC_001_AccountRegistrationTest" name="verify_account_registration" time="39.470"/>
</testsuite> <!-- testCases.TC_001_AccountRegistrationTest -->
