<?xml version="1.0" encoding="UTF-8"?>
<!-- Generated by org.testng.reporters.JUnitReportReporter -->
<testsuite hostname="DESKTOP-UMEFVFH" failures="0" tests="5" name="testCases.TC_003_LoginDDT" time="106.171" errors="0" timestamp="2024-05-01T22:01:46 IST" skipped="0">
  <testcase classname="testCases.TC_003_LoginDDT" name="verify_loginDDT" time="21.079"/>
  <testcase classname="testCases.TC_003_LoginDDT" name="verify_loginDDT" time="13.758"/>
  <testcase classname="testCases.TC_003_LoginDDT" name="verify_loginDDT" time="13.187"/>
  <testcase classname="testCases.TC_003_LoginDDT" name="verify_loginDDT" time="11.317"/>
  <testcase classname="testCases.TC_003_LoginDDT" name="verify_loginDDT" time="46.830"/>
</testsuite> <!-- testCases.TC_003_LoginDDT -->
