<?xml version="1.0" encoding="UTF-8"?>
<!-- Generated by org.testng.reporters.JUnitReportReporter -->
<testsuite hostname="DESKTOP-UMEFVFH" failures="0" tests="1" name="testCases.TC_002_LoginTest" time="10.608" errors="0" timestamp="2024-05-03T20:47:20 IST" skipped="0">
  <testcase classname="testCases.TC_002_LoginTest" name="verify_Login_Test" time="10.608"/>
</testsuite> <!-- testCases.TC_002_LoginTest -->
